<?xml version="1.0" encoding="UTF-8"?>
<coverage generated="1595083817823" clover="3.2.0">
  <project timestamp="1595083817823" name="All files">
    <metrics statements="45" coveredstatements="44" conditionals="19" coveredconditionals="17" methods="5" coveredmethods="5" elements="69" coveredelements="66" complexity="0" loc="45" ncloc="45" packages="1" files="3" classes="3"/>
    <file name="folders-creator.js" path="D:\Projects\berezin-aleksandr-otus\node_5\src\folders-creator.js">
      <metrics statements="11" coveredstatements="11" conditionals="6" coveredconditionals="6" methods="2" coveredmethods="2"/>
      <line num="1" count="1" type="stmt"/>
      <line num="17" count="1" type="stmt"/>
      <line num="18" count="4" type="stmt"/>
      <line num="22" count="4" type="cond" truecount="2" falsecount="0"/>
      <line num="23" count="1" type="stmt"/>
      <line num="25" count="3" type="stmt"/>
      <line num="26" count="3" type="stmt"/>
      <line num="29" count="4" type="cond" truecount="4" falsecount="0"/>
      <line num="30" count="2" type="stmt"/>
      <line num="31" count="3" type="stmt"/>
      <line num="36" count="1" type="stmt"/>
    </file>
    <file name="folders-reader.js" path="D:\Projects\berezin-aleksandr-otus\node_5\src\folders-reader.js">
      <metrics statements="18" coveredstatements="18" conditionals="7" coveredconditionals="5" methods="1" coveredmethods="1"/>
      <line num="1" count="2" type="stmt"/>
      <line num="2" count="2" type="stmt"/>
      <line num="3" count="2" type="stmt"/>
      <line num="5" count="2" type="cond" truecount="1" falsecount="1"/>
      <line num="7" count="2" type="cond" truecount="1" falsecount="0"/>
      <line num="8" count="4" type="stmt"/>
      <line num="9" count="4" type="stmt"/>
      <line num="11" count="4" type="cond" truecount="1" falsecount="1"/>
      <line num="13" count="4" type="stmt"/>
      <line num="15" count="4" type="stmt"/>
      <line num="16" count="6" type="stmt"/>
      <line num="17" count="6" type="stmt"/>
      <line num="18" count="6" type="cond" truecount="2" falsecount="0"/>
      <line num="19" count="2" type="stmt"/>
      <line num="20" count="2" type="stmt"/>
      <line num="22" count="4" type="stmt"/>
      <line num="26" count="4" type="stmt"/>
      <line num="29" count="2" type="stmt"/>
    </file>
    <file name="utils.js" path="D:\Projects\berezin-aleksandr-otus\node_5\src\utils.js">
      <metrics statements="16" coveredstatements="15" conditionals="6" coveredconditionals="6" methods="2" coveredmethods="2"/>
      <line num="1" count="3" type="stmt"/>
      <line num="2" count="3" type="stmt"/>
      <line num="4" count="3" type="stmt"/>
      <line num="5" count="3" type="stmt"/>
      <line num="7" count="3" type="stmt"/>
      <line num="8" count="8" type="stmt"/>
      <line num="9" count="8" type="stmt"/>
      <line num="10" count="8" type="stmt"/>
      <line num="12" count="0" type="stmt"/>
      <line num="16" count="3" type="stmt"/>
      <line num="17" count="7" type="cond" truecount="2" falsecount="0"/>
      <line num="18" count="4" type="cond" truecount="2" falsecount="0"/>
      <line num="20" count="3" type="stmt"/>
      <line num="21" count="3" type="stmt"/>
      <line num="22" count="3" type="cond" truecount="2" falsecount="0"/>
      <line num="26" count="3" type="stmt"/>
    </file>
  </project>
</coverage>
