{"D:\\Projects\\berezin-aleksandr-otus\\node_5\\src\\folders-creator.js": {"path":"D:\\Projects\\berezin-aleksandr-otus\\node_5\\src\\folders-creator.js","statementMap":{"0":{"start":{"line":1,"column":25},"end":{"line":1,"column":46}},"1":{"start":{"line":17,"column":31},"end":{"line":34,"column":1}},"2":{"start":{"line":18,"column":26},"end":{"line":18,"column":29}},"3":{"start":{"line":22,"column":2},"end":{"line":27,"column":3}},"4":{"start":{"line":23,"column":4},"end":{"line":23,"column":27}},"5":{"start":{"line":25,"column":4},"end":{"line":25,"column":64}},"6":{"start":{"line":26,"column":4},"end":{"line":26,"column":39}},"7":{"start":{"line":29,"column":2},"end":{"line":33,"column":3}},"8":{"start":{"line":30,"column":4},"end":{"line":32,"column":7}},"9":{"start":{"line":31,"column":6},"end":{"line":31,"column":74}},"10":{"start":{"line":36,"column":0},"end":{"line":36,"column":40}}},"fnMap":{"0":{"name":"(anonymous_0)","decl":{"start":{"line":17,"column":31},"end":{"line":17,"column":32}},"loc":{"start":{"line":17,"column":100},"end":{"line":34,"column":1}},"line":17},"1":{"name":"(anonymous_1)","decl":{"start":{"line":30,"column":18},"end":{"line":30,"column":19}},"loc":{"start":{"line":30,"column":45},"end":{"line":32,"column":5}},"line":30}},"branchMap":{"0":{"loc":{"start":{"line":22,"column":2},"end":{"line":27,"column":3}},"type":"if","locations":[{"start":{"line":22,"column":2},"end":{"line":27,"column":3}},{"start":{"line":22,"column":2},"end":{"line":27,"column":3}}],"line":22},"1":{"loc":{"start":{"line":29,"column":2},"end":{"line":33,"column":3}},"type":"if","locations":[{"start":{"line":29,"column":2},"end":{"line":33,"column":3}},{"start":{"line":29,"column":2},"end":{"line":33,"column":3}}],"line":29},"2":{"loc":{"start":{"line":29,"column":6},"end":{"line":29,"column":27}},"type":"binary-expr","locations":[{"start":{"line":29,"column":6},"end":{"line":29,"column":11}},{"start":{"line":29,"column":15},"end":{"line":29,"column":27}}],"line":29}},"s":{"0":1,"1":1,"2":4,"3":4,"4":1,"5":3,"6":3,"7":4,"8":2,"9":3,"10":1},"f":{"0":4,"1":3},"b":{"0":[1,3],"1":[2,2],"2":[4,2]},"_coverageSchema":"1a1c01bbd47fc00a2c39e90264f33305004495a9","hash":"e702a3d0567a04c7cec502b37d75b11a14dee475"}
,"D:\\Projects\\berezin-aleksandr-otus\\node_5\\src\\folders-reader.js": {"path":"D:\\Projects\\berezin-aleksandr-otus\\node_5\\src\\folders-reader.js","statementMap":{"0":{"start":{"line":1,"column":13},"end":{"line":1,"column":28}},"1":{"start":{"line":2,"column":13},"end":{"line":2,"column":54}},"2":{"start":{"line":3,"column":36},"end":{"line":3,"column":57}},"3":{"start":{"line":5,"column":20},"end":{"line":5,"column":94}},"4":{"start":{"line":7,"column":19},"end":{"line":27,"column":1}},"5":{"start":{"line":8,"column":17},"end":{"line":8,"column":36}},"6":{"start":{"line":9,"column":21},"end":{"line":9,"column":48}},"7":{"start":{"line":11,"column":2},"end":{"line":11,"column":48}},"8":{"start":{"line":11,"column":34},"end":{"line":11,"column":48}},"9":{"start":{"line":13,"column":15},"end":{"line":13,"column":39}},"10":{"start":{"line":15,"column":2},"end":{"line":24,"column":3}},"11":{"start":{"line":16,"column":21},"end":{"line":16,"column":48}},"12":{"start":{"line":17,"column":18},"end":{"line":17,"column":49}},"13":{"start":{"line":18,"column":4},"end":{"line":23,"column":5}},"14":{"start":{"line":19,"column":20},"end":{"line":19,"column":70}},"15":{"start":{"line":20,"column":6},"end":{"line":20,"column":46}},"16":{"start":{"line":22,"column":6},"end":{"line":22,"column":40}},"17":{"start":{"line":26,"column":2},"end":{"line":26,"column":16}},"18":{"start":{"line":29,"column":0},"end":{"line":29,"column":28}}},"fnMap":{"0":{"name":"(anonymous_0)","decl":{"start":{"line":7,"column":19},"end":{"line":7,"column":20}},"loc":{"start":{"line":7,"column":63},"end":{"line":27,"column":1}},"line":7}},"branchMap":{"0":{"loc":{"start":{"line":5,"column":20},"end":{"line":5,"column":94}},"type":"cond-expr","locations":[{"start":{"line":5,"column":48},"end":{"line":5,"column":81}},{"start":{"line":5,"column":84},"end":{"line":5,"column":94}}],"line":5},"1":{"loc":{"start":{"line":7,"column":44},"end":{"line":7,"column":58}},"type":"default-arg","locations":[{"start":{"line":7,"column":57},"end":{"line":7,"column":58}}],"line":7},"2":{"loc":{"start":{"line":11,"column":2},"end":{"line":11,"column":48}},"type":"if","locations":[{"start":{"line":11,"column":2},"end":{"line":11,"column":48}},{"start":{"line":11,"column":2},"end":{"line":11,"column":48}}],"line":11},"3":{"loc":{"start":{"line":18,"column":4},"end":{"line":23,"column":5}},"type":"if","locations":[{"start":{"line":18,"column":4},"end":{"line":23,"column":5}},{"start":{"line":18,"column":4},"end":{"line":23,"column":5}}],"line":18}},"s":{"0":2,"1":2,"2":2,"3":2,"4":2,"5":4,"6":4,"7":4,"8":0,"9":4,"10":4,"11":6,"12":6,"13":6,"14":2,"15":2,"16":4,"17":4,"18":2},"f":{"0":4},"b":{"0":[0,2],"1":[2],"2":[0,4],"3":[2,4]},"_coverageSchema":"1a1c01bbd47fc00a2c39e90264f33305004495a9","hash":"cda162a0ea64f878b6a1f334c730135e8e87f495"}
,"D:\\Projects\\berezin-aleksandr-otus\\node_5\\src\\utils.js": {"path":"D:\\Projects\\berezin-aleksandr-otus\\node_5\\src\\utils.js","statementMap":{"0":{"start":{"line":1,"column":13},"end":{"line":1,"column":28}},"1":{"start":{"line":2,"column":11},"end":{"line":2,"column":24}},"2":{"start":{"line":4,"column":15},"end":{"line":4,"column":41}},"3":{"start":{"line":5,"column":17},"end":{"line":5,"column":40}},"4":{"start":{"line":7,"column":24},"end":{"line":14,"column":1}},"5":{"start":{"line":8,"column":2},"end":{"line":13,"column":3}},"6":{"start":{"line":9,"column":18},"end":{"line":9,"column":38}},"7":{"start":{"line":10,"column":4},"end":{"line":10,"column":31}},"8":{"start":{"line":12,"column":4},"end":{"line":12,"column":35}},"9":{"start":{"line":16,"column":21},"end":{"line":24,"column":1}},"10":{"start":{"line":17,"column":2},"end":{"line":23,"column":3}},"11":{"start":{"line":18,"column":4},"end":{"line":18,"column":47}},"12":{"start":{"line":20,"column":18},"end":{"line":20,"column":25}},"13":{"start":{"line":21,"column":22},"end":{"line":21,"column":54}},"14":{"start":{"line":22,"column":4},"end":{"line":22,"column":64}},"15":{"start":{"line":26,"column":0},"end":{"line":30,"column":2}}},"fnMap":{"0":{"name":"(anonymous_0)","decl":{"start":{"line":7,"column":24},"end":{"line":7,"column":25}},"loc":{"start":{"line":7,"column":40},"end":{"line":14,"column":1}},"line":7},"1":{"name":"(anonymous_1)","decl":{"start":{"line":16,"column":21},"end":{"line":16,"column":22}},"loc":{"start":{"line":16,"column":60},"end":{"line":24,"column":1}},"line":16}},"branchMap":{"0":{"loc":{"start":{"line":17,"column":2},"end":{"line":23,"column":3}},"type":"if","locations":[{"start":{"line":17,"column":2},"end":{"line":23,"column":3}},{"start":{"line":17,"column":2},"end":{"line":23,"column":3}}],"line":17},"1":{"loc":{"start":{"line":18,"column":11},"end":{"line":18,"column":46}},"type":"cond-expr","locations":[{"start":{"line":18,"column":33},"end":{"line":18,"column":38}},{"start":{"line":18,"column":41},"end":{"line":18,"column":46}}],"line":18},"2":{"loc":{"start":{"line":22,"column":26},"end":{"line":22,"column":61}},"type":"cond-expr","locations":[{"start":{"line":22,"column":48},"end":{"line":22,"column":53}},{"start":{"line":22,"column":56},"end":{"line":22,"column":61}}],"line":22}},"s":{"0":3,"1":3,"2":3,"3":3,"4":3,"5":8,"6":8,"7":8,"8":0,"9":3,"10":7,"11":4,"12":3,"13":3,"14":3,"15":3},"f":{"0":8,"1":7},"b":{"0":[4,3],"1":[2,2],"2":[2,1]},"_coverageSchema":"1a1c01bbd47fc00a2c39e90264f33305004495a9","hash":"1b11a9daf35f587a8609f6c2fe2c87768745f5de"}
}
