TN:
SF:src\folders-creator.js
FN:17,(anonymous_0)
FN:30,(anonymous_1)
FNF:2
FNH:2
FNDA:4,(anonymous_0)
FNDA:3,(anonymous_1)
DA:1,1
DA:17,1
DA:18,4
DA:22,4
DA:23,1
DA:25,3
DA:26,3
DA:29,4
DA:30,2
DA:31,3
DA:36,1
LF:11
LH:11
BRDA:22,0,0,1
BRDA:22,0,1,3
BRDA:29,1,0,2
BRDA:29,1,1,2
BRDA:29,2,0,4
BRDA:29,2,1,2
BRF:6
BRH:6
end_of_record
TN:
SF:src\folders-reader.js
FN:7,(anonymous_0)
FNF:1
FNH:1
FNDA:4,(anonymous_0)
DA:1,2
DA:2,2
DA:3,2
DA:5,2
DA:7,2
DA:8,4
DA:9,4
DA:11,4
DA:13,4
DA:15,4
DA:16,6
DA:17,6
DA:18,6
DA:19,2
DA:20,2
DA:22,4
DA:26,4
DA:29,2
LF:18
LH:18
BRDA:5,0,0,0
BRDA:5,0,1,2
BRDA:7,1,0,2
BRDA:11,2,0,0
BRDA:11,2,1,4
BRDA:18,3,0,2
BRDA:18,3,1,4
BRF:7
BRH:5
end_of_record
TN:
SF:src\utils.js
FN:7,(anonymous_0)
FN:16,(anonymous_1)
FNF:2
FNH:2
FNDA:8,(anonymous_0)
FNDA:7,(anonymous_1)
DA:1,3
DA:2,3
DA:4,3
DA:5,3
DA:7,3
DA:8,8
DA:9,8
DA:10,8
DA:12,0
DA:16,3
DA:17,7
DA:18,4
DA:20,3
DA:21,3
DA:22,3
DA:26,3
LF:16
LH:15
BRDA:17,0,0,4
BRDA:17,0,1,3
BRDA:18,1,0,2
BRDA:18,1,1,2
BRDA:22,2,0,2
BRDA:22,2,1,1
BRF:6
BRH:6
end_of_record
